<?xml version="1.0" encoding="UTF-8"?>
<!-- Generated by org.testng.reporters.JUnitReportReporter -->
<testsuite skipped="0" hostname="DESKTOP-S5F88O7" name="example.TestAmazon" tests="1" failures="0" timestamp="2022-06-19T01:44:04 EDT" time="29.640" errors="0">
  <testcase name="test" time="29.640" classname="example.TestAmazon"/>
  <system-out/>
</testsuite> <!-- example.TestAmazon -->
